[11304:8256:0620/133920.987:INFO:components\enterprise\browser\controller\chrome_browser_cloud_management_controller.cc:202] No machine level policy manager exists.
[4068:14188:0620/133921.975:WARNING:ui\gl\direct_composition_support.cc:1167] QueryInterface to IDCompositionDevice4 failed: 不支援此種介面 (0x80004002)
[11304:8256:0620/133936.703:WARNING:components\autofill\content\browser\content_autofill_driver.cc:218] Skipped Autofill message for inactive frame
[11304:8256:0620/133936.703:WARNING:components\autofill\content\browser\content_autofill_driver.cc:218] Skipped Autofill message for inactive frame
[11304:8256:0620/133936.703:WARNING:components\autofill\content\browser\content_autofill_driver.cc:218] Skipped Autofill message for inactive frame
[11304:8256:0620/133936.703:WARNING:components\autofill\content\browser\content_autofill_driver.cc:218] Skipped Autofill message for inactive frame
[11304:8256:0620/133936.748:WARNING:components\autofill\content\browser\content_autofill_driver.cc:218] Skipped Autofill message for inactive frame
[11304:8256:0620/133936.748:WARNING:components\autofill\content\browser\content_autofill_driver.cc:218] Skipped Autofill message for inactive frame
[11304:8256:0620/133936.748:WARNING:components\autofill\content\browser\content_autofill_driver.cc:218] Skipped Autofill message for inactive frame
[11304:8256:0620/133936.748:WARNING:components\autofill\content\browser\content_autofill_driver.cc:218] Skipped Autofill message for inactive frame
[11304:8256:0620/133944.935:WARNING:components\autofill\content\browser\content_autofill_driver.cc:218] Skipped Autofill message for inactive frame
[11304:8256:0620/133944.935:WARNING:components\autofill\content\browser\content_autofill_driver.cc:218] Skipped Autofill message for inactive frame
[11304:8256:0620/133944.935:WARNING:components\autofill\content\browser\content_autofill_driver.cc:218] Skipped Autofill message for inactive frame
[11304:8256:0620/133944.935:WARNING:components\autofill\content\browser\content_autofill_driver.cc:218] Skipped Autofill message for inactive frame
[11304:8256:0620/133944.935:WARNING:components\autofill\content\browser\content_autofill_driver.cc:218] Skipped Autofill message for inactive frame
[11304:8256:0620/133944.935:WARNING:components\autofill\content\browser\content_autofill_driver.cc:218] Skipped Autofill message for inactive frame
[11304:8256:0620/133950.660:WARNING:components\autofill\content\browser\content_autofill_driver.cc:218] Skipped Autofill message for inactive frame
[11304:8256:0620/133950.660:WARNING:components\autofill\content\browser\content_autofill_driver.cc:218] Skipped Autofill message for inactive frame
[11304:8256:0620/133950.660:WARNING:components\autofill\content\browser\content_autofill_driver.cc:218] Skipped Autofill message for inactive frame
[11304:8256:0620/133950.660:WARNING:components\autofill\content\browser\content_autofill_driver.cc:218] Skipped Autofill message for inactive frame
[11304:8256:0620/133950.660:WARNING:components\autofill\content\browser\content_autofill_driver.cc:218] Skipped Autofill message for inactive frame
[11304:8256:0620/133950.660:WARNING:components\autofill\content\browser\content_autofill_driver.cc:218] Skipped Autofill message for inactive frame
[11304:8256:0620/133950.712:WARNING:components\autofill\content\browser\content_autofill_driver.cc:218] Skipped Autofill message for inactive frame
[11304:8256:0620/133950.712:WARNING:components\autofill\content\browser\content_autofill_driver.cc:218] Skipped Autofill message for inactive frame
[11304:8256:0620/133950.713:WARNING:components\autofill\content\browser\content_autofill_driver.cc:218] Skipped Autofill message for inactive frame
[11304:8256:0620/133950.713:WARNING:components\autofill\content\browser\content_autofill_driver.cc:218] Skipped Autofill message for inactive frame
[11304:8256:0620/133950.713:WARNING:components\autofill\content\browser\content_autofill_driver.cc:218] Skipped Autofill message for inactive frame
[11304:8256:0620/133950.713:WARNING:components\autofill\content\browser\content_autofill_driver.cc:218] Skipped Autofill message for inactive frame
[11304:8256:0620/133954.453:WARNING:components\autofill\content\browser\content_autofill_driver.cc:218] Skipped Autofill message for inactive frame
[11304:8256:0620/133954.453:WARNING:components\autofill\content\browser\content_autofill_driver.cc:218] Skipped Autofill message for inactive frame
[11304:8256:0620/133954.453:WARNING:components\autofill\content\browser\content_autofill_driver.cc:218] Skipped Autofill message for inactive frame
[11304:8256:0620/133954.453:WARNING:components\autofill\content\browser\content_autofill_driver.cc:218] Skipped Autofill message for inactive frame
[11304:8256:0620/133954.453:WARNING:components\autofill\content\browser\content_autofill_driver.cc:218] Skipped Autofill message for inactive frame
[11304:8256:0620/133954.453:WARNING:components\autofill\content\browser\content_autofill_driver.cc:218] Skipped Autofill message for inactive frame
[11304:8256:0620/134000.559:WARNING:components\autofill\content\browser\content_autofill_driver.cc:218] Skipped Autofill message for inactive frame
[11304:8256:0620/134000.559:WARNING:components\autofill\content\browser\content_autofill_driver.cc:218] Skipped Autofill message for inactive frame
[11304:8256:0620/134000.559:WARNING:components\autofill\content\browser\content_autofill_driver.cc:218] Skipped Autofill message for inactive frame
[11304:8256:0620/134000.559:WARNING:components\autofill\content\browser\content_autofill_driver.cc:218] Skipped Autofill message for inactive frame
[11304:8256:0620/134000.559:WARNING:components\autofill\content\browser\content_autofill_driver.cc:218] Skipped Autofill message for inactive frame
[11304:8256:0620/134000.559:WARNING:components\autofill\content\browser\content_autofill_driver.cc:218] Skipped Autofill message for inactive frame
[11304:8256:0620/134007.024:WARNING:components\autofill\content\browser\content_autofill_driver.cc:218] Skipped Autofill message for inactive frame
[11304:8256:0620/134007.024:WARNING:components\autofill\content\browser\content_autofill_driver.cc:218] Skipped Autofill message for inactive frame
[11304:8256:0620/134007.024:WARNING:components\autofill\content\browser\content_autofill_driver.cc:218] Skipped Autofill message for inactive frame
[11304:8256:0620/134007.024:WARNING:components\autofill\content\browser\content_autofill_driver.cc:218] Skipped Autofill message for inactive frame
[11304:8256:0620/134007.025:WARNING:components\autofill\content\browser\content_autofill_driver.cc:218] Skipped Autofill message for inactive frame
[11304:8256:0620/134007.025:WARNING:components\autofill\content\browser\content_autofill_driver.cc:218] Skipped Autofill message for inactive frame
[11304:8256:0620/134007.025:WARNING:components\autofill\content\browser\content_autofill_driver.cc:218] Skipped Autofill message for inactive frame
[11304:8256:0620/134007.025:WARNING:components\autofill\content\browser\content_autofill_driver.cc:218] Skipped Autofill message for inactive frame
[11304:8256:0620/134007.070:WARNING:components\autofill\content\browser\content_autofill_driver.cc:218] Skipped Autofill message for inactive frame
[11304:8256:0620/134007.071:WARNING:components\autofill\content\browser\content_autofill_driver.cc:218] Skipped Autofill message for inactive frame
[11304:8256:0620/134007.071:WARNING:components\autofill\content\browser\content_autofill_driver.cc:218] Skipped Autofill message for inactive frame
[11304:8256:0620/134007.071:WARNING:components\autofill\content\browser\content_autofill_driver.cc:218] Skipped Autofill message for inactive frame
[11304:8256:0620/134007.071:WARNING:components\autofill\content\browser\content_autofill_driver.cc:218] Skipped Autofill message for inactive frame
[11304:8256:0620/134007.071:WARNING:components\autofill\content\browser\content_autofill_driver.cc:218] Skipped Autofill message for inactive frame
[11304:8256:0620/134007.071:WARNING:components\autofill\content\browser\content_autofill_driver.cc:218] Skipped Autofill message for inactive frame
[11304:8256:0620/134007.071:WARNING:components\autofill\content\browser\content_autofill_driver.cc:218] Skipped Autofill message for inactive frame
[11304:8256:0620/134009.144:WARNING:components\autofill\content\browser\content_autofill_driver.cc:218] Skipped Autofill message for inactive frame
[11304:8256:0620/134009.144:WARNING:components\autofill\content\browser\content_autofill_driver.cc:218] Skipped Autofill message for inactive frame
[11304:8256:0620/134009.144:WARNING:components\autofill\content\browser\content_autofill_driver.cc:218] Skipped Autofill message for inactive frame
[11304:8256:0620/134009.144:WARNING:components\autofill\content\browser\content_autofill_driver.cc:218] Skipped Autofill message for inactive frame
[11304:8256:0620/134009.144:WARNING:components\autofill\content\browser\content_autofill_driver.cc:218] Skipped Autofill message for inactive frame
[11304:8256:0620/134009.144:WARNING:components\autofill\content\browser\content_autofill_driver.cc:218] Skipped Autofill message for inactive frame
[11304:8256:0620/134009.145:WARNING:components\autofill\content\browser\content_autofill_driver.cc:218] Skipped Autofill message for inactive frame
[11304:8256:0620/134009.145:WARNING:components\autofill\content\browser\content_autofill_driver.cc:218] Skipped Autofill message for inactive frame
[11304:8256:0620/134009.189:WARNING:components\autofill\content\browser\content_autofill_driver.cc:218] Skipped Autofill message for inactive frame
[11304:8256:0620/134009.189:WARNING:components\autofill\content\browser\content_autofill_driver.cc:218] Skipped Autofill message for inactive frame
[11304:8256:0620/134009.189:WARNING:components\autofill\content\browser\content_autofill_driver.cc:218] Skipped Autofill message for inactive frame
[11304:8256:0620/134009.189:WARNING:components\autofill\content\browser\content_autofill_driver.cc:218] Skipped Autofill message for inactive frame
[11304:8256:0620/134009.189:WARNING:components\autofill\content\browser\content_autofill_driver.cc:218] Skipped Autofill message for inactive frame
[11304:8256:0620/134009.189:WARNING:components\autofill\content\browser\content_autofill_driver.cc:218] Skipped Autofill message for inactive frame
[11304:8256:0620/134009.189:WARNING:components\autofill\content\browser\content_autofill_driver.cc:218] Skipped Autofill message for inactive frame
[11304:8256:0620/134009.189:WARNING:components\autofill\content\browser\content_autofill_driver.cc:218] Skipped Autofill message for inactive frame
[11304:8256:0620/134021.257:WARNING:components\autofill\content\browser\content_autofill_driver.cc:218] Skipped Autofill message for inactive frame
[11304:8256:0620/134021.257:WARNING:components\autofill\content\browser\content_autofill_driver.cc:218] Skipped Autofill message for inactive frame
[11304:8256:0620/134021.257:WARNING:components\autofill\content\browser\content_autofill_driver.cc:218] Skipped Autofill message for inactive frame
[11304:8256:0620/134021.257:WARNING:components\autofill\content\browser\content_autofill_driver.cc:218] Skipped Autofill message for inactive frame
[11304:8256:0620/134021.257:WARNING:components\autofill\content\browser\content_autofill_driver.cc:218] Skipped Autofill message for inactive frame
[11304:8256:0620/134021.257:WARNING:components\autofill\content\browser\content_autofill_driver.cc:218] Skipped Autofill message for inactive frame
[11304:8256:0620/134021.257:WARNING:components\autofill\content\browser\content_autofill_driver.cc:218] Skipped Autofill message for inactive frame
[11304:8256:0620/134021.257:WARNING:components\autofill\content\browser\content_autofill_driver.cc:218] Skipped Autofill message for inactive frame
[11304:8256:0620/134021.257:WARNING:components\autofill\content\browser\content_autofill_driver.cc:218] Skipped Autofill message for inactive frame
[11304:8256:0620/134021.257:WARNING:components\autofill\content\browser\content_autofill_driver.cc:218] Skipped Autofill message for inactive frame
[11304:8256:0620/134021.299:WARNING:components\autofill\content\browser\content_autofill_driver.cc:218] Skipped Autofill message for inactive frame
[11304:8256:0620/134021.299:WARNING:components\autofill\content\browser\content_autofill_driver.cc:218] Skipped Autofill message for inactive frame
[11304:8256:0620/134021.299:WARNING:components\autofill\content\browser\content_autofill_driver.cc:218] Skipped Autofill message for inactive frame
[11304:8256:0620/134021.299:WARNING:components\autofill\content\browser\content_autofill_driver.cc:218] Skipped Autofill message for inactive frame
[11304:8256:0620/134021.299:WARNING:components\autofill\content\browser\content_autofill_driver.cc:218] Skipped Autofill message for inactive frame
[11304:8256:0620/134021.299:WARNING:components\autofill\content\browser\content_autofill_driver.cc:218] Skipped Autofill message for inactive frame
[11304:8256:0620/134021.299:WARNING:components\autofill\content\browser\content_autofill_driver.cc:218] Skipped Autofill message for inactive frame
[11304:8256:0620/134021.299:WARNING:components\autofill\content\browser\content_autofill_driver.cc:218] Skipped Autofill message for inactive frame
[11304:8256:0620/134021.299:WARNING:components\autofill\content\browser\content_autofill_driver.cc:218] Skipped Autofill message for inactive frame
[11304:8256:0620/134021.299:WARNING:components\autofill\content\browser\content_autofill_driver.cc:218] Skipped Autofill message for inactive frame
[11304:8256:0620/134024.957:WARNING:components\autofill\content\browser\content_autofill_driver.cc:218] Skipped Autofill message for inactive frame
[11304:8256:0620/134024.957:WARNING:components\autofill\content\browser\content_autofill_driver.cc:218] Skipped Autofill message for inactive frame
[11304:8256:0620/134024.957:WARNING:components\autofill\content\browser\content_autofill_driver.cc:218] Skipped Autofill message for inactive frame
[11304:8256:0620/134024.957:WARNING:components\autofill\content\browser\content_autofill_driver.cc:218] Skipped Autofill message for inactive frame
[11304:8256:0620/134024.957:WARNING:components\autofill\content\browser\content_autofill_driver.cc:218] Skipped Autofill message for inactive frame
[11304:8256:0620/134024.957:WARNING:components\autofill\content\browser\content_autofill_driver.cc:218] Skipped Autofill message for inactive frame
[11304:8256:0620/134024.957:WARNING:components\autofill\content\browser\content_autofill_driver.cc:218] Skipped Autofill message for inactive frame
[11304:8256:0620/134024.957:WARNING:components\autofill\content\browser\content_autofill_driver.cc:218] Skipped Autofill message for inactive frame
[11304:8256:0620/134024.957:WARNING:components\autofill\content\browser\content_autofill_driver.cc:218] Skipped Autofill message for inactive frame
[11304:8256:0620/134024.957:WARNING:components\autofill\content\browser\content_autofill_driver.cc:218] Skipped Autofill message for inactive frame
[11304:8256:0620/134031.070:WARNING:components\autofill\content\browser\content_autofill_driver.cc:218] Skipped Autofill message for inactive frame
[11304:8256:0620/134031.070:WARNING:components\autofill\content\browser\content_autofill_driver.cc:218] Skipped Autofill message for inactive frame
[11304:8256:0620/134031.070:WARNING:components\autofill\content\browser\content_autofill_driver.cc:218] Skipped Autofill message for inactive frame
[11304:8256:0620/134031.070:WARNING:components\autofill\content\browser\content_autofill_driver.cc:218] Skipped Autofill message for inactive frame
[11304:8256:0620/134031.070:WARNING:components\autofill\content\browser\content_autofill_driver.cc:218] Skipped Autofill message for inactive frame
[11304:8256:0620/134031.070:WARNING:components\autofill\content\browser\content_autofill_driver.cc:218] Skipped Autofill message for inactive frame
[11304:8256:0620/134031.070:WARNING:components\autofill\content\browser\content_autofill_driver.cc:218] Skipped Autofill message for inactive frame
[11304:8256:0620/134031.070:WARNING:components\autofill\content\browser\content_autofill_driver.cc:218] Skipped Autofill message for inactive frame
[11304:8256:0620/134031.070:WARNING:components\autofill\content\browser\content_autofill_driver.cc:218] Skipped Autofill message for inactive frame
[11304:8256:0620/134031.070:WARNING:components\autofill\content\browser\content_autofill_driver.cc:218] Skipped Autofill message for inactive frame
[11304:8256:0620/134037.368:WARNING:components\autofill\content\browser\content_autofill_driver.cc:218] Skipped Autofill message for inactive frame
[11304:8256:0620/134037.368:WARNING:components\autofill\content\browser\content_autofill_driver.cc:218] Skipped Autofill message for inactive frame
[11304:8256:0620/134037.368:WARNING:components\autofill\content\browser\content_autofill_driver.cc:218] Skipped Autofill message for inactive frame
[11304:8256:0620/134037.368:WARNING:components\autofill\content\browser\content_autofill_driver.cc:218] Skipped Autofill message for inactive frame
[11304:8256:0620/134037.368:WARNING:components\autofill\content\browser\content_autofill_driver.cc:218] Skipped Autofill message for inactive frame
[11304:8256:0620/134037.368:WARNING:components\autofill\content\browser\content_autofill_driver.cc:218] Skipped Autofill message for inactive frame
[11304:8256:0620/134037.368:WARNING:components\autofill\content\browser\content_autofill_driver.cc:218] Skipped Autofill message for inactive frame
[11304:8256:0620/134037.368:WARNING:components\autofill\content\browser\content_autofill_driver.cc:218] Skipped Autofill message for inactive frame
[11304:8256:0620/134037.368:WARNING:components\autofill\content\browser\content_autofill_driver.cc:218] Skipped Autofill message for inactive frame
[11304:8256:0620/134037.368:WARNING:components\autofill\content\browser\content_autofill_driver.cc:218] Skipped Autofill message for inactive frame
[11304:8256:0620/134037.368:WARNING:components\autofill\content\browser\content_autofill_driver.cc:218] Skipped Autofill message for inactive frame
[11304:8256:0620/134037.368:WARNING:components\autofill\content\browser\content_autofill_driver.cc:218] Skipped Autofill message for inactive frame
[11304:8256:0620/134046.059:WARNING:components\autofill\content\browser\content_autofill_driver.cc:218] Skipped Autofill message for inactive frame
[11304:8256:0620/134046.059:WARNING:components\autofill\content\browser\content_autofill_driver.cc:218] Skipped Autofill message for inactive frame
[11304:8256:0620/134046.059:WARNING:components\autofill\content\browser\content_autofill_driver.cc:218] Skipped Autofill message for inactive frame
[11304:8256:0620/134046.059:WARNING:components\autofill\content\browser\content_autofill_driver.cc:218] Skipped Autofill message for inactive frame
[11304:8256:0620/134046.059:WARNING:components\autofill\content\browser\content_autofill_driver.cc:218] Skipped Autofill message for inactive frame
[11304:8256:0620/134046.059:WARNING:components\autofill\content\browser\content_autofill_driver.cc:218] Skipped Autofill message for inactive frame
[11304:8256:0620/134046.059:WARNING:components\autofill\content\browser\content_autofill_driver.cc:218] Skipped Autofill message for inactive frame
[11304:8256:0620/134046.059:WARNING:components\autofill\content\browser\content_autofill_driver.cc:218] Skipped Autofill message for inactive frame
[11304:8256:0620/134046.059:WARNING:components\autofill\content\browser\content_autofill_driver.cc:218] Skipped Autofill message for inactive frame
[11304:8256:0620/134046.059:WARNING:components\autofill\content\browser\content_autofill_driver.cc:218] Skipped Autofill message for inactive frame
[11304:8256:0620/134046.059:WARNING:components\autofill\content\browser\content_autofill_driver.cc:218] Skipped Autofill message for inactive frame
[11304:8256:0620/134046.059:WARNING:components\autofill\content\browser\content_autofill_driver.cc:218] Skipped Autofill message for inactive frame
[11304:1104:0620/134051.014:INFO:rlz\lib\rlz_lib.cc:442] Attempting to send RLZ ping brand=GCEU
[11304:1104:0620/134051.262:INFO:rlz\lib\rlz_lib.cc:451] Succeeded in sending RLZ ping
[15152:20088:0620/134051.549:WARNING:net\extras\sqlite\sqlite_persistent_store_backend_base.cc:176] Failed to post task from FlushAndNotifyInBackground@net\extras\sqlite\sqlite_persistent_store_backend_base.cc:226 to client_task_runner_.
[15152:20088:0620/134051.549:WARNING:net\extras\sqlite\sqlite_persistent_store_backend_base.cc:176] Failed to post task from FlushAndNotifyInBackground@net\extras\sqlite\sqlite_persistent_store_backend_base.cc:226 to client_task_runner_.
